{"/home/wagner/actionflow/actionflow-server/controllers/auto-controller.js": {"path":"/home/wagner/actionflow/actionflow-server/controllers/auto-controller.js","statementMap":{"0":{"start":{"line":1,"column":13},"end":{"line":1,"column":48}},"1":{"start":{"line":3,"column":0},"end":{"line":34,"column":1}},"2":{"start":{"line":4,"column":17},"end":{"line":4,"column":25}},"3":{"start":{"line":6,"column":4},"end":{"line":11,"column":5}},"4":{"start":{"line":7,"column":8},"end":{"line":10,"column":10}},"5":{"start":{"line":13,"column":17},"end":{"line":13,"column":31}},"6":{"start":{"line":15,"column":4},"end":{"line":17,"column":5}},"7":{"start":{"line":16,"column":8},"end":{"line":16,"column":67}},"8":{"start":{"line":19,"column":4},"end":{"line":33,"column":10}},"9":{"start":{"line":22,"column":12},"end":{"line":26,"column":14}},"10":{"start":{"line":29,"column":12},"end":{"line":32,"column":14}},"11":{"start":{"line":36,"column":0},"end":{"line":52,"column":1}},"12":{"start":{"line":37,"column":4},"end":{"line":51,"column":37}},"13":{"start":{"line":38,"column":8},"end":{"line":40,"column":9}},"14":{"start":{"line":39,"column":12},"end":{"line":39,"column":69}},"15":{"start":{"line":42,"column":8},"end":{"line":46,"column":9}},"16":{"start":{"line":43,"column":12},"end":{"line":45,"column":71}},"17":{"start":{"line":48,"column":8},"end":{"line":48,"column":24}},"18":{"start":{"line":50,"column":8},"end":{"line":50,"column":66}},"19":{"start":{"line":51,"column":20},"end":{"line":51,"column":36}},"20":{"start":{"line":54,"column":0},"end":{"line":70,"column":1}},"21":{"start":{"line":55,"column":4},"end":{"line":69,"column":37}},"22":{"start":{"line":56,"column":8},"end":{"line":58,"column":9}},"23":{"start":{"line":57,"column":12},"end":{"line":57,"column":71}},"24":{"start":{"line":60,"column":8},"end":{"line":64,"column":9}},"25":{"start":{"line":61,"column":12},"end":{"line":63,"column":72}},"26":{"start":{"line":66,"column":8},"end":{"line":66,"column":24}},"27":{"start":{"line":68,"column":8},"end":{"line":68,"column":66}},"28":{"start":{"line":69,"column":20},"end":{"line":69,"column":36}},"29":{"start":{"line":72,"column":0},"end":{"line":84,"column":1}},"30":{"start":{"line":73,"column":4},"end":{"line":83,"column":37}},"31":{"start":{"line":74,"column":8},"end":{"line":76,"column":9}},"32":{"start":{"line":75,"column":12},"end":{"line":75,"column":71}},"33":{"start":{"line":77,"column":8},"end":{"line":81,"column":9}},"34":{"start":{"line":78,"column":12},"end":{"line":80,"column":67}},"35":{"start":{"line":82,"column":8},"end":{"line":82,"column":67}},"36":{"start":{"line":83,"column":20},"end":{"line":83,"column":36}},"37":{"start":{"line":86,"column":0},"end":{"line":101,"column":1}},"38":{"start":{"line":87,"column":4},"end":{"line":89,"column":5}},"39":{"start":{"line":88,"column":8},"end":{"line":88,"column":64}},"40":{"start":{"line":91,"column":15},"end":{"line":91,"column":35}},"41":{"start":{"line":99,"column":4},"end":{"line":99,"column":21}},"42":{"start":{"line":100,"column":4},"end":{"line":100,"column":34}},"43":{"start":{"line":103,"column":0},"end":{"line":120,"column":1}},"44":{"start":{"line":105,"column":4},"end":{"line":115,"column":7}},"45":{"start":{"line":106,"column":8},"end":{"line":106,"column":50}},"46":{"start":{"line":107,"column":8},"end":{"line":109,"column":9}},"47":{"start":{"line":108,"column":12},"end":{"line":108,"column":36}},"48":{"start":{"line":110,"column":8},"end":{"line":110,"column":66}},"49":{"start":{"line":110,"column":37},"end":{"line":110,"column":58}},"50":{"start":{"line":111,"column":8},"end":{"line":114,"column":11}},"51":{"start":{"line":112,"column":12},"end":{"line":112,"column":53}},"52":{"start":{"line":113,"column":12},"end":{"line":113,"column":36}},"53":{"start":{"line":117,"column":26},"end":{"line":119,"column":5}},"54":{"start":{"line":118,"column":8},"end":{"line":118,"column":35}},"55":{"start":{"line":122,"column":0},"end":{"line":128,"column":1}}},"fnMap":{"0":{"name":"(anonymous_0)","decl":{"start":{"line":3,"column":9},"end":{"line":3,"column":10}},"loc":{"start":{"line":3,"column":23},"end":{"line":34,"column":1}},"line":3},"1":{"name":"(anonymous_1)","decl":{"start":{"line":21,"column":14},"end":{"line":21,"column":15}},"loc":{"start":{"line":21,"column":20},"end":{"line":27,"column":9}},"line":21},"2":{"name":"(anonymous_2)","decl":{"start":{"line":28,"column":15},"end":{"line":28,"column":16}},"loc":{"start":{"line":28,"column":24},"end":{"line":33,"column":9}},"line":28},"3":{"name":"(anonymous_3)","decl":{"start":{"line":36,"column":9},"end":{"line":36,"column":10}},"loc":{"start":{"line":36,"column":29},"end":{"line":52,"column":1}},"line":36},"4":{"name":"(anonymous_4)","decl":{"start":{"line":37,"column":60},"end":{"line":37,"column":61}},"loc":{"start":{"line":37,"column":75},"end":{"line":51,"column":5}},"line":37},"5":{"name":"(anonymous_5)","decl":{"start":{"line":51,"column":13},"end":{"line":51,"column":14}},"loc":{"start":{"line":51,"column":20},"end":{"line":51,"column":36}},"line":51},"6":{"name":"(anonymous_6)","decl":{"start":{"line":54,"column":14},"end":{"line":54,"column":15}},"loc":{"start":{"line":54,"column":34},"end":{"line":70,"column":1}},"line":54},"7":{"name":"(anonymous_7)","decl":{"start":{"line":55,"column":47},"end":{"line":55,"column":48}},"loc":{"start":{"line":55,"column":62},"end":{"line":69,"column":5}},"line":55},"8":{"name":"(anonymous_8)","decl":{"start":{"line":69,"column":13},"end":{"line":69,"column":14}},"loc":{"start":{"line":69,"column":20},"end":{"line":69,"column":36}},"line":69},"9":{"name":"(anonymous_9)","decl":{"start":{"line":72,"column":7},"end":{"line":72,"column":8}},"loc":{"start":{"line":72,"column":27},"end":{"line":84,"column":1}},"line":72},"10":{"name":"(anonymous_10)","decl":{"start":{"line":73,"column":24},"end":{"line":73,"column":25}},"loc":{"start":{"line":73,"column":40},"end":{"line":83,"column":5}},"line":73},"11":{"name":"(anonymous_11)","decl":{"start":{"line":83,"column":13},"end":{"line":83,"column":14}},"loc":{"start":{"line":83,"column":20},"end":{"line":83,"column":36}},"line":83},"12":{"name":"(anonymous_12)","decl":{"start":{"line":86,"column":13},"end":{"line":86,"column":14}},"loc":{"start":{"line":86,"column":33},"end":{"line":101,"column":1}},"line":86},"13":{"name":"(anonymous_13)","decl":{"start":{"line":103,"column":7},"end":{"line":103,"column":8}},"loc":{"start":{"line":103,"column":22},"end":{"line":120,"column":1}},"line":103},"14":{"name":"(anonymous_14)","decl":{"start":{"line":105,"column":28},"end":{"line":105,"column":29}},"loc":{"start":{"line":105,"column":40},"end":{"line":115,"column":5}},"line":105},"15":{"name":"(anonymous_15)","decl":{"start":{"line":110,"column":31},"end":{"line":110,"column":32}},"loc":{"start":{"line":110,"column":37},"end":{"line":110,"column":58}},"line":110},"16":{"name":"(anonymous_16)","decl":{"start":{"line":111,"column":32},"end":{"line":111,"column":33}},"loc":{"start":{"line":111,"column":38},"end":{"line":114,"column":9}},"line":111},"17":{"name":"(anonymous_17)","decl":{"start":{"line":117,"column":26},"end":{"line":117,"column":27}},"loc":{"start":{"line":117,"column":36},"end":{"line":119,"column":5}},"line":117}},"branchMap":{"0":{"loc":{"start":{"line":6,"column":4},"end":{"line":11,"column":5}},"type":"if","locations":[{"start":{"line":6,"column":4},"end":{"line":11,"column":5}},{"start":{"line":6,"column":4},"end":{"line":11,"column":5}}],"line":6},"1":{"loc":{"start":{"line":15,"column":4},"end":{"line":17,"column":5}},"type":"if","locations":[{"start":{"line":15,"column":4},"end":{"line":17,"column":5}},{"start":{"line":15,"column":4},"end":{"line":17,"column":5}}],"line":15},"2":{"loc":{"start":{"line":38,"column":8},"end":{"line":40,"column":9}},"type":"if","locations":[{"start":{"line":38,"column":8},"end":{"line":40,"column":9}},{"start":{"line":38,"column":8},"end":{"line":40,"column":9}}],"line":38},"3":{"loc":{"start":{"line":42,"column":8},"end":{"line":46,"column":9}},"type":"if","locations":[{"start":{"line":42,"column":8},"end":{"line":46,"column":9}},{"start":{"line":42,"column":8},"end":{"line":46,"column":9}}],"line":42},"4":{"loc":{"start":{"line":56,"column":8},"end":{"line":58,"column":9}},"type":"if","locations":[{"start":{"line":56,"column":8},"end":{"line":58,"column":9}},{"start":{"line":56,"column":8},"end":{"line":58,"column":9}}],"line":56},"5":{"loc":{"start":{"line":60,"column":8},"end":{"line":64,"column":9}},"type":"if","locations":[{"start":{"line":60,"column":8},"end":{"line":64,"column":9}},{"start":{"line":60,"column":8},"end":{"line":64,"column":9}}],"line":60},"6":{"loc":{"start":{"line":74,"column":8},"end":{"line":76,"column":9}},"type":"if","locations":[{"start":{"line":74,"column":8},"end":{"line":76,"column":9}},{"start":{"line":74,"column":8},"end":{"line":76,"column":9}}],"line":74},"7":{"loc":{"start":{"line":77,"column":8},"end":{"line":81,"column":9}},"type":"if","locations":[{"start":{"line":77,"column":8},"end":{"line":81,"column":9}},{"start":{"line":77,"column":8},"end":{"line":81,"column":9}}],"line":77},"8":{"loc":{"start":{"line":87,"column":4},"end":{"line":89,"column":5}},"type":"if","locations":[{"start":{"line":87,"column":4},"end":{"line":89,"column":5}},{"start":{"line":87,"column":4},"end":{"line":89,"column":5}}],"line":87},"9":{"loc":{"start":{"line":107,"column":8},"end":{"line":109,"column":9}},"type":"if","locations":[{"start":{"line":107,"column":8},"end":{"line":109,"column":9}},{"start":{"line":107,"column":8},"end":{"line":109,"column":9}}],"line":107}},"s":{"0":1,"1":1,"2":0,"3":0,"4":0,"5":0,"6":0,"7":0,"8":0,"9":0,"10":0,"11":1,"12":0,"13":0,"14":0,"15":0,"16":0,"17":0,"18":0,"19":0,"20":1,"21":0,"22":0,"23":0,"24":0,"25":0,"26":0,"27":0,"28":0,"29":1,"30":0,"31":0,"32":0,"33":0,"34":0,"35":0,"36":0,"37":1,"38":0,"39":0,"40":0,"41":0,"42":0,"43":1,"44":0,"45":0,"46":0,"47":0,"48":0,"49":0,"50":0,"51":0,"52":0,"53":0,"54":0,"55":1},"f":{"0":0,"1":0,"2":0,"3":0,"4":0,"5":0,"6":0,"7":0,"8":0,"9":0,"10":0,"11":0,"12":0,"13":0,"14":0,"15":0,"16":0,"17":0},"b":{"0":[0,0],"1":[0,0],"2":[0,0],"3":[0,0],"4":[0,0],"5":[0,0],"6":[0,0],"7":[0,0],"8":[0,0],"9":[0,0]},"_coverageSchema":"1a1c01bbd47fc00a2c39e90264f33305004495a9","hash":"e08e4f7504ab89587e3ee76c8384c1a72293cd67"}
,"/home/wagner/actionflow/actionflow-server/models/autoTest-model.js": {"path":"/home/wagner/actionflow/actionflow-server/models/autoTest-model.js","statementMap":{"0":{"start":{"line":1,"column":17},"end":{"line":1,"column":36}},"1":{"start":{"line":2,"column":15},"end":{"line":2,"column":30}},"2":{"start":{"line":4,"column":17},"end":{"line":19,"column":1}},"3":{"start":{"line":21,"column":0},"end":{"line":21,"column":49}}},"fnMap":{},"branchMap":{},"s":{"0":1,"1":1,"2":1,"3":1},"f":{},"b":{},"_coverageSchema":"1a1c01bbd47fc00a2c39e90264f33305004495a9","hash":"774ec14a364d9de598fe97deb958d15055aae313"}
}
